<?xml version="1.0" encoding="UTF-8"?>
<testsuite xmlns:xsi="http://www.w3.org/2001/XMLSchema-instance" xsi:noNamespaceSchemaLocation="https://maven.apache.org/surefire/maven-surefire-plugin/xsd/surefire-test-report.xsd" version="3.0.2" name="com.disenoweb.webapp.service.PedidoServiceTest" time="0.086" tests="2" errors="0" skipped="0" failures="0" flakes="0">
  <properties>
[...]
</properties>
  <testcase name="creaPedidoConUnDetalleYTotalCalculado" classname="com.disenoweb.webapp.service.PedidoServiceTest" time="0.069">
    <system-out><![CDATA[2026-05-20T17:19:02.975-06:00  INFO 61904 --- [webapp] [           main] t.c.s.AnnotationConfigContextLoaderUtils : Could not detect default configuration classes for test class [com.disenoweb.webapp.service.PedidoServiceTest]: PedidoServiceTest does not declare any static, non-private, non-final, nested classes annotated with @Configuration.
2026-05-20T17:19:02.976-06:00 DEBUG 61904 --- [webapp] [           main] .b.t.c.SpringBootTestContextBootstrapper : Using ContextCustomizerFactory implementations for test class [PedidoServiceTest]: [ImportsContextCustomizerFactory, PropertyMappingContextCustomizerFactory, ExcludeFilterContextCustomizerFactory, TypeExcludeFiltersContextCustomizerFactory, DisableReactorResourceFactoryGlobalResourcesContextCustomizerFactory, DuplicateJsonObjectContextCustomizerFactory, OnFailureConditionReportContextCustomizerFactory, OverrideAutoConfigurationContextCustomizerFactory, BeanOverrideContextCustomizerFactory, MockServerContainerContextCustomizerFactory, DynamicPropertiesContextCustomizerFactory, WebDriverContextCustomizerFactory, SpringBootTestRandomPortContextCustomizerFactory]
2026-05-20T17:19:02.977-06:00 DEBUG 61904 --- [webapp] [           main] .b.t.c.SpringBootTestContextBootstrapper : Using ContextCustomizers for test class [PedidoServiceTest]: [PropertyMappingContextCustomizer, ExcludeFilterContextCustomizer, DuplicateJsonObjectContextCustomizer, OnFailureConditionReportContextCustomizer, DynamicPropertiesContextCustomizer, WebDriverContextCustomizer, SpringBootTestRandomPortContextCustomizer]
2026-05-20T17:19:02.983-06:00  INFO 61904 --- [webapp] [           main] .b.t.c.SpringBootTestContextBootstrapper : Found @SpringBootConfiguration com.disenoweb.webapp.WebappApplication for test class com.disenoweb.webapp.service.PedidoServiceTest
2026-05-20T17:19:02.983-06:00  INFO 61904 --- [webapp] [           main] t.c.s.AnnotationConfigContextLoaderUtils : Could not detect default configuration classes for test class [com.disenoweb.webapp.service.PedidoServiceTest]: PedidoServiceTest does not declare any static, non-private, non-final, nested classes annotated with @Configuration.
2026-05-20T17:19:02.984-06:00 DEBUG 61904 --- [webapp] [           main] .b.t.c.SpringBootTestContextBootstrapper : Using ContextCustomizerFactory implementations for test class [PedidoServiceTest]: [ImportsContextCustomizerFactory, PropertyMappingContextCustomizerFactory, ExcludeFilterContextCustomizerFactory, TypeExcludeFiltersContextCustomizerFactory, DisableReactorResourceFactoryGlobalResourcesContextCustomizerFactory, DuplicateJsonObjectContextCustomizerFactory, OnFailureConditionReportContextCustomizerFactory, OverrideAutoConfigurationContextCustomizerFactory, BeanOverrideContextCustomizerFactory, MockServerContainerContextCustomizerFactory, DynamicPropertiesContextCustomizerFactory, WebDriverContextCustomizerFactory, SpringBootTestRandomPortContextCustomizerFactory]
2026-05-20T17:19:02.984-06:00 DEBUG 61904 --- [webapp] [           main] .b.t.c.SpringBootTestContextBootstrapper : Using ContextCustomizers for test class [PedidoServiceTest]: [PropertyMappingContextCustomizer, ExcludeFilterContextCustomizer, DuplicateJsonObjectContextCustomizer, OnFailureConditionReportContextCustomizer, DynamicPropertiesContextCustomizer, WebDriverContextCustomizer, SpringBootTestRandomPortContextCustomizer]
2026-05-20T17:19:02.984-06:00  INFO 61904 --- [webapp] [           main] .b.t.c.SpringBootTestContextBootstrapper : Found @SpringBootConfiguration com.disenoweb.webapp.WebappApplication for test class com.disenoweb.webapp.service.PedidoServiceTest
2026-05-20T17:19:02.984-06:00 DEBUG 61904 --- [webapp] [           main] .b.t.c.SpringBootTestContextBootstrapper : Neither @ContextConfiguration nor @ContextHierarchy found for test class [PedidoServiceTest]: using SpringBootContextLoader
2026-05-20T17:19:02.984-06:00 DEBUG 61904 --- [webapp] [           main] .b.t.c.SpringBootTestContextBootstrapper : Using TestExecutionListeners for test class [PedidoServiceTest]: [ServletTestExecutionListener, DirtiesContextBeforeModesTestExecutionListener, ApplicationEventsTestExecutionListener, BeanOverrideTestExecutionListener, DependencyInjectionTestExecutionListener, DirtiesContextTestExecutionListener, CommonCachesTestExecutionListener, TransactionalTestExecutionListener, SqlScriptsTestExecutionListener, EventPublishingTestExecutionListener, MockitoResetTestExecutionListener, MockMvcPrintOnlyOnFailureTestExecutionListener, WebDriverTestExecutionListener]
2026-05-20T17:19:02.989-06:00 DEBUG 61904 --- [webapp] [           main] org.hibernate.SQL                        : select p1_0.id,p1_0.categoria_id,c1_0.id,c1_0.nombre,p1_0.descripcion,p1_0.imagen,p1_0.nombre,p1_0.precio,p1_0.stock from producto p1_0 join categoria c1_0 on c1_0.id=p1_0.categoria_id where p1_0.id=?
2026-05-20T17:19:03.003-06:00 DEBUG 61904 --- [webapp] [           main] org.hibernate.SQL                        : insert into pedido (comentario,correo,fecha_pedido,nombre_cliente,total,id) values (?,?,?,?,?,default)
2026-05-20T17:19:03.010-06:00 DEBUG 61904 --- [webapp] [           main] org.hibernate.SQL                        : insert into detalle_pedido (cantidad,pedido_id,precio_unitario,producto_id,subtotal,id) values (?,?,?,?,?,default)
2026-05-20T17:19:03.016-06:00 DEBUG 61904 --- [webapp] [           main] org.hibernate.SQL                        : update producto set categoria_id=?,descripcion=?,imagen=?,nombre=?,precio=?,stock=? where id=?
2026-05-20T17:19:03.051-06:00 DEBUG 61904 --- [webapp] [           main] org.hibernate.SQL                        : select p1_0.id,p1_0.comentario,p1_0.correo,p1_0.fecha_pedido,p1_0.nombre_cliente,p1_0.total from pedido p1_0 where p1_0.id=?
]]></system-out>
  </testcase>
  <testcase name="rechazaPedidoCuandoLaCantidadSuperaElStock" classname="com.disenoweb.webapp.service.PedidoServiceTest" time="0.005">
    <system-out><![CDATA[2026-05-20T17:19:03.057-06:00 DEBUG 61904 --- [webapp] [           main] org.hibernate.SQL                        : select p1_0.id,p1_0.categoria_id,c1_0.id,c1_0.nombre,p1_0.descripcion,p1_0.imagen,p1_0.nombre,p1_0.precio,p1_0.stock from producto p1_0 join categoria c1_0 on c1_0.id=p1_0.categoria_id where p1_0.id=?
]]></system-out>
  </testcase>
</testsuite>